<?xml version='1.0' encoding='UTF-8'?>
<!--

    This Source Code Form is subject to the terms of the Mozilla Public License,
    v. 2.0. If a copy of the MPL was not distributed with this file, You can
    obtain one at http://mozilla.org/MPL/2.0/. OpenMRS is also distributed under
    the terms of the Healthcare Disclaimer located at http://openmrs.org/license.

    Copyright (C) OpenMRS Inc. OpenMRS is a registered trademark and the OpenMRS
    graphic logo is a trademark of OpenMRS Inc.

-->
<dataset>
  <concept concept_id="85069" retired="false" datatype_id="13" class_id="5" is_set="false" creator="1" date_created="2005-01-01 00:00:00.0" uuid="a674b82c-73c3-4bed-a32e-3f94611fe0ce"/>
  <concept_description concept_description_id="85069" concept_id="85069" description="TestBytesViewHandler Concept Complex" locale="en_GB" creator="1" date_created="2004-08-12 00:00:00.0" uuid="a0c22d9f-5f58-480c-9244-e63b92e520c0"/>

  <concept_complex concept_id="85069" handler="ImageHandler" />

  <concept_name concept_id="85069" name="ImageHandler Concept Complex" locale="en_GB" creator="1" date_created="2008-08-15 13:52:53.0" concept_name_id="9007" concept_name_type="FULLY_SPECIFIED" locale_preferred="0" voided="false" uuid="073165b0-5dfe-444c-9d28-ab1d259102eb"/>

</dataset>